<?xml version="1.0" encoding="UTF-8"?>
<testng-results skipped="0" failed="0" ignored="0" total="2" passed="2">
  <reporter-output>
  </reporter-output>
  <suite name="Default suite" duration-ms="18643" started-at="2021-04-05T17:42:31 IST" finished-at="2021-04-05T17:42:50 IST">
    <groups>
    </groups>
    <test name="Default test" duration-ms="18643" started-at="2021-04-05T17:42:31 IST" finished-at="2021-04-05T17:42:50 IST">
      <class name="CustomAPI.GetProducts">
        <test-method status="PASS" signature="getAllProducts()[pri:0, instance:CustomAPI.GetProducts@5bb21b69]" name="getAllProducts" is-config="true" duration-ms="5918" started-at="2021-04-05T17:42:31 IST" finished-at="2021-04-05T17:42:37 IST">
          <reporter-output>
          </reporter-output>
        </test-method> <!-- getAllProducts -->
        <test-method status="PASS" signature="chkStatusCode()[pri:0, instance:CustomAPI.GetProducts@5bb21b69]" name="chkStatusCode" duration-ms="22" started-at="2021-04-05T17:42:37 IST" finished-at="2021-04-05T17:42:37 IST">
          <reporter-output>
          </reporter-output>
        </test-method> <!-- chkStatusCode -->
        <test-method status="PASS" signature="printAllProdsName()[pri:0, instance:CustomAPI.GetProducts@5bb21b69]" name="printAllProdsName" duration-ms="12583" started-at="2021-04-05T17:42:37 IST" finished-at="2021-04-05T17:42:50 IST">
          <reporter-output>
          </reporter-output>
        </test-method> <!-- printAllProdsName -->
      </class> <!-- CustomAPI.GetProducts -->
    </test> <!-- Default test -->
  </suite> <!-- Default suite -->
</testng-results>
